[2026-03-09_00-26-30] TASK=audit STATUS=RUNNING STEP=/mnt/c/Users/astur/Desktop/Web Mio Divina/mi-app/ai-system/reports/audit_2026-03-09_00-26.txt
[2026-03-09_00-31-21] TASK=audit STATUS=INTERRUPTED STEP=/mnt/c/Users/astur/Desktop/Web Mio Divina/mi-app/ai-system/reports/audit_2026-03-09_00-26.txt
[2026-03-09_00-36-06] TASK=seo STATUS=RUNNING STEP=/mnt/c/Users/astur/Desktop/Web Mio Divina/mi-app/ai-system/reports/seo_2026-03-09_00-36.txt
[2026-03-09_00-40-58] TASK=seo STATUS=INTERRUPTED STEP=/mnt/c/Users/astur/Desktop/Web Mio Divina/mi-app/ai-system/reports/seo_2026-03-09_00-36.txt
[2026-03-09_00-47-05] TASK=seo STATUS=RUNNING STEP=/mnt/c/Users/astur/Desktop/Web Mio Divina/mi-app/ai-system/reports/seo_2026-03-09_00-47.txt
[2026-03-09_00-51-58] TASK=seo STATUS=INTERRUPTED STEP=/mnt/c/Users/astur/Desktop/Web Mio Divina/mi-app/ai-system/reports/seo_2026-03-09_00-47.txt
[2026-03-09_01-00-40] TASK=content STATUS=RUNNING STEP=/mnt/c/Users/astur/Desktop/Web Mio Divina/mi-app/ai-system/reports/content_2026-03-09_01-00.txt
[2026-03-09_01-03-02] TASK=content STATUS=COMPLETED
[2026-03-09_01-04-47] TASK=audit STATUS=RUNNING STEP=/mnt/c/Users/astur/Desktop/Web Mio Divina/mi-app/ai-system/reports/audit_2026-03-09_01-04.txt
[2026-03-09_01-08-14] TASK=audit STATUS=COMPLETED
[2026-03-09_01-08-14] TASK=seo STATUS=RUNNING STEP=/mnt/c/Users/astur/Desktop/Web Mio Divina/mi-app/ai-system/reports/seo_2026-03-09_01-08.txt
[2026-03-09_01-09-58] TASK=seo STATUS=COMPLETED
[2026-03-09_01-09-58] TASK=content STATUS=RUNNING STEP=/mnt/c/Users/astur/Desktop/Web Mio Divina/mi-app/ai-system/reports/content_2026-03-09_01-09.txt
[2026-03-09_01-12-00] TASK=content STATUS=COMPLETED
[2026-03-09_02-10-11] TASK=implementar STATUS=RUNNING STEP=/mnt/c/Users/astur/Desktop/Web Mio Divina/mi-app/ai-system/reports/implementar_2026-03-09_02-10.txt
[2026-03-09_02-13-04] TASK=implementar STATUS=INTERRUPTED STEP=/mnt/c/Users/astur/Desktop/Web Mio Divina/mi-app/ai-system/state/html_mejorado_temp.html
[2026-03-09_03-08-03] TASK=implementar STATUS=RUNNING STEP=/mnt/c/Users/astur/Desktop/Web Mio Divina/mi-app/ai-system/reports/implementar_2026-03-09_03-08.txt
[2026-03-09_03-12-14] TASK=implementar STATUS=COMPLETED
[2026-03-09_03-26-38] TASK=lecturas STATUS=RUNNING STEP=/mnt/c/Users/astur/Desktop/Web Mio Divina/mi-app/ai-system/logs/lecturas.log
[2026-03-09_03-30-00] TASK=lecturas STATUS=RUNNING STEP=/mnt/c/Users/astur/Desktop/Web Mio Divina/mi-app/ai-system/logs/lecturas.log
[2026-03-09_03-32-25] TASK=lecturas STATUS=INTERRUPTED STEP=/mnt/c/Users/astur/Desktop/Web Mio Divina/mi-app/ai-system/state/temp_lecturas.html
[2026-03-09_03-36-20] TASK=lecturas STATUS=INTERRUPTED STEP=/mnt/c/Users/astur/Desktop/Web Mio Divina/mi-app/ai-system/state/temp_lecturas.html
