================================================
AI SUPER AGENTE TOTAL - Mon Mar  9 03:32:25 CET 2026
================================================
Backup completo en: /mnt/c/Users/astur/Desktop/Web Mio Divina/mi-app/public/backups/2026-03-09_03-32
================================================
AI SUPER AGENTE TOTAL - Mon Mar  9 03:39:59 CET 2026
================================================
Backup completo en: /mnt/c/Users/astur/Desktop/Web Mio Divina/mi-app/public/backups/2026-03-09_03-39
Creando: via-crucis.html...
FALLO: via-crucis.html no creada
Procesando: ss-francisco.html...
FALLO: ss-francisco.html - original conservado
Procesando: ss-juan-pablo-ii.html...
FALLO: ss-juan-pablo-ii.html - original conservado
================================================
AI SUPER AGENTE TOTAL - Mon Mar  9 04:07:47 CET 2026
================================================
Backup completo en: /mnt/c/Users/astur/Desktop/Web Mio Divina/mi-app/public/backups/2026-03-09_04-07
Creando: novena.html...
FALLO: novena.html no creada
